<?xml version="1.0" encoding="UTF-8"?>
<!-- Generated by org.testng.reporters.JUnitReportReporter -->
<testsuite hostname="CYBERSPACE" failures="0" tests="14" name="zaiservepackage.Logintest" time="186.899" errors="0" timestamp="2020-08-24T22:47:14 IST" skipped="0">
  <testcase classname="zaiservepackage.Logintest" name="test_one" time="16.061"/>
  <system-out/>
  <testcase classname="zaiservepackage.Logintest" name="test_userid_password" time="13.258"/>
  <system-out/>
  <testcase classname="zaiservepackage.Logintest" name="test_three" time="26.791"/>
  <system-out/>
  <testcase classname="zaiservepackage.Logintest" name="test_four" time="11.509"/>
  <system-out/>
  <testcase classname="zaiservepackage.Logintest" name="test_five" time="11.547"/>
  <system-out/>
  <testcase classname="zaiservepackage.Logintest" name="test_six" time="7.666"/>
  <system-out/>
  <testcase classname="zaiservepackage.Logintest" name="test_seven" time="11.882"/>
  <system-out/>
  <testcase classname="zaiservepackage.Logintest" name="test_eighta" time="26.105"/>
  <system-out/>
  <testcase classname="zaiservepackage.Logintest" name="test_eight" time="14.616"/>
  <system-out/>
  <testcase classname="zaiservepackage.Logintest" name="test_nine" time="13.433"/>
  <system-out/>
  <testcase classname="zaiservepackage.Logintest" name="test_ten" time="7.925"/>
  <system-out/>
  <testcase classname="zaiservepackage.Logintest" name="test_eleven" time="8.030"/>
  <system-out/>
  <testcase classname="zaiservepackage.Logintest" name="test_tweleve" time="9.516"/>
  <system-out/>
  <testcase classname="zaiservepackage.Logintest" name="test_thirteen" time="8.560"/>
  <system-out/>
</testsuite> <!-- zaiservepackage.Logintest -->
